default.txt : Stratified random training-validation-index with opts$TST.valiFrac =  10 %

default.txt : Importance check ...
Clipping sampsize to  135 
default.txt : Train RF (importance, sampsize= 135 ) ...
default.txt : Saving SRF (sorted RF) importance info on opts ...
Variables sorted by importance (4 ):
[1] "Petal.Length" "Petal.Width"  "Sepal.Length" "Sepal.Width" 
Dropped columns (1 [=  1.9% of total importance]):
[1] "Sepal.Width"
Proc time:  0.00
Run  1 / 2 :
default.txt : Train RF with sampsize = 135 ...
Proc time:  0.05 
default.txt : Apply RF ...
Proc time:  0.01 
default.txt : Calc confusion matrix + gain ...

Training cases ( 135 ):
            predicted
actual       setosa versicolor virginica
  setosa         45          0         0
  versicolor      0         42         3
  virginica       0          4        41
total gain:   128.0 (is  94.815% of max. gain =   135.0)

Validation cases ( 15 ):
            predicted
actual       setosa versicolor virginica
  setosa          5          0         0
  versicolor      0          5         0
  virginica       0          1         4
            setosa versicolor virginica Total
gain.vector      5          5         4    14
total gain :    14.0 (is  93.333% of max. gain =    15.0)

Vali2 cases [ default cutoff ] ( 15 ):
            predicted
actual       setosa versicolor virginica
  setosa          5          0         0
  versicolor      0          5         0
  virginica       0          1         4
total gain2:    14.0 (is  93.333% of max. gain =    15.0)

  Relative gain on   training set    94.81481 %
  Relative gain on validation set    93.33333 %

default.txt : Stratified random training-validation-index with opts$TST.valiFrac =  10 %

default.txt : Importance check ...
Clipping sampsize to  135 
default.txt : Train RF (importance, sampsize= 135 ) ...
default.txt : Saving SRF (sorted RF) importance info on opts ...
Variables sorted by importance (4 ):
[1] "Petal.Length" "Petal.Width"  "Sepal.Length" "Sepal.Width" 
Dropped columns (0 [=  0.0% of total importance]):
Proc time:  0.01
Run  2 / 2 :
default.txt : Train RF with sampsize = 135 ...
Proc time:  0.11 
default.txt : Apply RF ...
Proc time:  0.03 
default.txt : Calc confusion matrix + gain ...

Training cases ( 135 ):
            predicted
actual       setosa versicolor virginica
  setosa         45          0         0
  versicolor      0         42         3
  virginica       0          4        41
total gain:   128.0 (is  94.815% of max. gain =   135.0)

Validation cases ( 15 ):
            predicted
actual       setosa versicolor virginica
  setosa          5          0         0
  versicolor      0          5         0
  virginica       0          0         5
            setosa versicolor virginica Total
gain.vector      5          5         5    15
total gain :    15.0 (is 100.000% of max. gain =    15.0)

Vali2 cases [ default cutoff ] ( 15 ):
            predicted
actual       setosa versicolor virginica
  setosa          5          0         0
  versicolor      0          5         0
  virginica       0          0         5
total gain2:    15.0 (is 100.000% of max. gain =    15.0)

  Relative gain on   training set    94.81481 %
  Relative gain on validation set    100 %


Average over all  2  runs: 
cerr$train: (5.18519 +- 0.00000)%
cerr$test:  (3.33333 +- 4.71405)%
gain$train: ( 128.00 +- 0.00)
gain$test:  (  14.50 +- 0.71)
rgain.train:  94.815%
rgain.test:   96.667%

Sourcing TDMR from R files in ../../../TDMR 
Sourcing SPOT from R files in C:/WUTemp/FH-MassenDaten/svnspot/trunk/SPOTsrc/ 
Sourcing TDMR from R files in ../../../TDMR 
Sourcing SPOT from R files in C:/WUTemp/FH-MassenDaten/svnspot/trunk/SPOTsrc/ 
[1] 120
[1] "sonar_04.apd"
NOTE: A new variable has been defined for list opts:  test2.show .
Read tdmMapDesign.csv from ../../../TDMR/inst
Note: No file userMapDesign.csv in C:/WUTemp/FH-MassenDaten/fiwa_soma/trunk/src/R-DM-Template/TDMR/inst/demo02sonar/
[1] "1"             "sonar_04.conf" "1"             "spot"         
sonar.txt : Read data from sonar.txt ...
sonar.txt : 208 records read.
*** Starting TUNER spot, spotStep=auto, on task sonar_04.conf ***
spot.R::spot started 
    CUTOFF1            CLASSWT2          XPERC            CONFIG       REPEATS       STEP        SEED     
 Min.   :0.009491   Min.   : 6.185   Min.   :0.5199   Min.   :1.0   Min.   :1   Min.   :0   Min.   :1235  
 1st Qu.:0.035880   1st Qu.: 7.781   1st Qu.:0.6410   1st Qu.:1.5   1st Qu.:1   1st Qu.:0   1st Qu.:1235  
 Median :0.062268   Median : 9.378   Median :0.7620   Median :2.0   Median :1   Median :0   Median :1235  
 Mean   :0.052726   Mean   : 9.560   Mean   :0.7455   Mean   :2.0   Mean   :1   Mean   :0   Mean   :1235  
 3rd Qu.:0.074343   3rd Qu.:11.248   3rd Qu.:0.8583   3rd Qu.:2.5   3rd Qu.:1   3rd Qu.:0   3rd Qu.:1235  
 Max.   :0.086418   Max.   :13.117   Max.   :0.9547   Max.   :3.0   Max.   :1   Max.   :0   Max.   :1235  
[1] 3
Config:     1,   Repeat:     1
